<?xml version="1.0" encoding="UTF-8"?>
<!-- Generated by org.testng.reporters.JUnitReportReporter -->
<testsuite skipped="0" hostname="JHANSI-PC" name="Test.ConversionDemo" tests="1" failures="0" timestamp="14 May 2019 11:12:43 GMT" time="0.211" errors="0">
  <testcase name="ConvertTesting" time="0.211" classname="Test.ConversionDemo"/>
</testsuite> <!-- Test.ConversionDemo -->
